<?xml version="1.0" encoding="UTF-8"?>
<testng-results ignored="0" total="2" passed="2" failed="0" skipped="0">
  <reporter-output>
  </reporter-output>
  <suite started-at="2024-04-02T11:00:43 IST" name="Default suite" finished-at="2024-04-02T11:00:48 IST" duration-ms="5605">
    <groups>
    </groups>
    <test started-at="2024-04-02T11:00:43 IST" name="Default test" finished-at="2024-04-02T11:00:48 IST" duration-ms="5605">
      <class name="testcases.TC_Validateelements_005">
        <test-method is-config="true" signature="setup()[pri:0, instance:testcases.TC_Validateelements_005@5afa3c9]" started-at="2024-04-02T11:00:43 IST" name="setup" finished-at="2024-04-02T11:00:48 IST" duration-ms="4750" status="PASS">
          <reporter-output>
          </reporter-output>
        </test-method> <!-- setup -->
        <test-method signature="test1()[pri:0, instance:testcases.TC_Validateelements_005@5afa3c9]" started-at="2024-04-02T11:00:48 IST" name="test1" finished-at="2024-04-02T11:00:48 IST" duration-ms="602" status="PASS">
          <reporter-output>
          </reporter-output>
        </test-method> <!-- test1 -->
        <test-method signature="test2()[pri:0, instance:testcases.TC_Validateelements_005@5afa3c9]" started-at="2024-04-02T11:00:48 IST" name="test2" finished-at="2024-04-02T11:00:48 IST" duration-ms="214" status="PASS">
          <reporter-output>
          </reporter-output>
        </test-method> <!-- test2 -->
      </class> <!-- testcases.TC_Validateelements_005 -->
    </test> <!-- Default test -->
  </suite> <!-- Default suite -->
</testng-results>
